d:\!!erasmuseducation\3d developmentttt\unit1\020.firstscene\3dgp\debug\vc142.pdb
d:\!!erasmuseducation\3d developmentttt\unit1\020.firstscene\3dgp\debug\vc142.idb
d:\!!erasmuseducation\3d developmentttt\unit1\020.firstscene\3dgp\debug\main.obj
d:\!!erasmuseducation\3d developmentttt\unit1\020.firstscene\3dgp\debug\3dglterrain.obj
d:\!!erasmuseducation\3d developmentttt\unit1\020.firstscene\3dgp\debug\3dglskybox.obj
d:\!!erasmuseducation\3d developmentttt\unit1\020.firstscene\3dgp\debug\3dglmodel.obj
d:\!!erasmuseducation\3d developmentttt\unit1\020.firstscene\3dgp\debug\3dglshader.obj
d:\!!erasmuseducation\3d developmentttt\unit1\020.firstscene\3dgp\debug\3dglobject.obj
d:\!!erasmuseducation\3d developmentttt\unit1\020.firstscene\3dgp\debug\3dglmaterial.obj
d:\!!erasmuseducation\3d developmentttt\unit1\020.firstscene\3dgp\debug\3dglbitmap.obj
d:\!!erasmuseducation\3d developmentttt\unit2\020.firstscene\3dgp\debug\vc142.pdb
d:\!!erasmuseducation\3d developmentttt\unit2\020.firstscene\3dgp\debug\vc142.idb
d:\!!erasmuseducation\3d developmentttt\unit2\020.firstscene\3dgp\debug\main.obj
d:\!!erasmuseducation\3d developmentttt\unit2\020.firstscene\3dgp\debug\3dglterrain.obj
d:\!!erasmuseducation\3d developmentttt\unit2\020.firstscene\3dgp\debug\3dglskybox.obj
d:\!!erasmuseducation\3d developmentttt\unit2\020.firstscene\3dgp\debug\3dglmodel.obj
d:\!!erasmuseducation\3d developmentttt\unit2\020.firstscene\3dgp\debug\3dglshader.obj
d:\!!erasmuseducation\3d developmentttt\unit2\020.firstscene\3dgp\debug\3dglobject.obj
d:\!!erasmuseducation\3d developmentttt\unit2\020.firstscene\3dgp\debug\3dglmaterial.obj
d:\!!erasmuseducation\3d developmentttt\unit2\020.firstscene\3dgp\debug\3dglbitmap.obj
d:\!!erasmuseducation\3d developmentttt\unit1\020.firstscene\debug\firstscene.exe
d:\!!erasmuseducation\3d developmentttt\unit1\020.firstscene\debug\firstscene.ilk
d:\!!erasmuseducation\3d developmentttt\unit1\020.firstscene\debug\firstscene.pdb
d:\!!erasmuseducation\3d developmentttt\unit2\020.firstscene\debug\firstscene.exe
d:\!!erasmuseducation\3d developmentttt\unit2\020.firstscene\debug\firstscene.ilk
d:\!!erasmuseducation\3d developmentttt\unit2\020.firstscene\debug\firstscene.pdb
d:\!!erasmuseducation\3d developmentttt\unit2\020.firstscene\3dgp\debug\firstscene.tlog\cl.command.1.tlog
d:\!!erasmuseducation\3d developmentttt\unit2\020.firstscene\3dgp\debug\firstscene.tlog\cl.read.1.tlog
d:\!!erasmuseducation\3d developmentttt\unit2\020.firstscene\3dgp\debug\firstscene.tlog\cl.write.1.tlog
d:\!!erasmuseducation\3d developmentttt\unit2\020.firstscene\3dgp\debug\firstscene.tlog\link.command.1.tlog
d:\!!erasmuseducation\3d developmentttt\unit2\020.firstscene\3dgp\debug\firstscene.tlog\link.read.1.tlog
d:\!!erasmuseducation\3d developmentttt\unit2\020.firstscene\3dgp\debug\firstscene.tlog\link.write.1.tlog
